0 verbose cli /opt/homebrew/Cellar/node/24.7.0/bin/node /opt/homebrew/bin/npm
1 info using npm@11.6.2
2 info using node@v24.7.0
3 silly config load:file:/opt/homebrew/lib/node_modules/npm/npmrc
4 silly config load:file:/Users/kamilbaranek/dev/seobooster/.npmrc
5 silly config load:file:/Users/kamilbaranek/.npmrc
6 silly config load:file:/opt/homebrew/etc/npmrc
7 verbose title npm install bcryptjs
8 verbose argv "install" "--cache" ".npm-cache" "--prefer-offline" "false" "--workspace" "@seobooster/api" "bcryptjs"
9 verbose logfile logs-max:10 dir:/Users/kamilbaranek/dev/seobooster/.npm-cache/_logs/2025-11-15T14_06_01_050Z-
10 verbose logfile /Users/kamilbaranek/dev/seobooster/.npm-cache/_logs/2025-11-15T14_06_01_050Z-debug-0.log
11 silly logfile done cleaning log files
12 silly packumentCache heap:4496293888 maxSize:1124073472 maxEntrySize:562036736
13 verbose shrinkwrap failed to load node_modules/.package-lock.json out of date, updated: apps/api
14 silly idealTree buildDeps
15 silly fetch manifest bcryptjs@*
16 silly packumentCache full:https://registry.npmjs.org/bcryptjs cache-miss
17 http fetch GET 200 https://registry.npmjs.org/bcryptjs 234ms (cache miss)
18 silly packumentCache full:https://registry.npmjs.org/bcryptjs set size:undefined disposed:false
19 silly placeDep ROOT bcryptjs@3.0.3 OK for: @seobooster/api@0.1.0 want: *
20 silly reify moves {}
21 silly audit bulk request {
21 silly audit   '@seobooster/api': [ '0.1.0' ],
21 silly audit   '@seobooster/shared-types': [ '0.1.0' ],
21 silly audit   '@borewit/text-codec': [ '0.1.1' ],
21 silly audit   '@ioredis/commands': [ '1.4.0' ],
21 silly audit   '@lukeed/csprng': [ '1.1.0' ],
21 silly audit   '@msgpackr-extract/msgpackr-extract-darwin-arm64': [ '3.0.3' ],
21 silly audit   '@msgpackr-extract/msgpackr-extract-darwin-x64': [ '3.0.3' ],
21 silly audit   '@msgpackr-extract/msgpackr-extract-linux-arm': [ '3.0.3' ],
21 silly audit   '@msgpackr-extract/msgpackr-extract-linux-arm64': [ '3.0.3' ],
21 silly audit   '@msgpackr-extract/msgpackr-extract-linux-x64': [ '3.0.3' ],
21 silly audit   '@msgpackr-extract/msgpackr-extract-win32-x64': [ '3.0.3' ],
21 silly audit   '@nestjs/bull-shared': [ '11.0.4' ],
21 silly audit   '@nestjs/bullmq': [ '11.0.4' ],
21 silly audit   '@nestjs/common': [ '11.1.9' ],
21 silly audit   '@nestjs/config': [ '4.0.2' ],
21 silly audit   '@nestjs/core': [ '11.1.9' ],
21 silly audit   '@nestjs/jwt': [ '11.0.1' ],
21 silly audit   '@nestjs/passport': [ '11.0.5' ],
21 silly audit   '@nestjs/platform-express': [ '11.1.9' ],
21 silly audit   '@nuxt/opencollective': [ '0.4.1' ],
21 silly audit   '@prisma/client': [ '6.19.0' ],
21 silly audit   '@prisma/config': [ '6.19.0' ],
21 silly audit   '@prisma/debug': [ '6.19.0' ],
21 silly audit   '@prisma/engines': [ '6.19.0' ],
21 silly audit   '@prisma/engines-version': [ '6.19.0-26.2ba551f319ab1df4bc874a89965d8b3641056773' ],
21 silly audit   '@prisma/fetch-engine': [ '6.19.0' ],
21 silly audit   '@prisma/get-platform': [ '6.19.0' ],
21 silly audit   '@standard-schema/spec': [ '1.0.0' ],
21 silly audit   '@tokenizer/inflate': [ '0.3.1' ],
21 silly audit   '@tokenizer/token': [ '0.3.0' ],
21 silly audit   '@types/jsonwebtoken': [ '9.0.10' ],
21 silly audit   '@types/ms': [ '2.1.0' ],
21 silly audit   '@types/node': [ '24.10.1' ],
21 silly audit   '@types/validator': [ '13.15.9' ],
21 silly audit   semver: [ '7.7.3' ],
21 silly audit   accepts: [ '2.0.0' ],
21 silly audit   'append-field': [ '1.0.0' ],
21 silly audit   'body-parser': [ '2.2.0' ],
21 silly audit   'buffer-equal-constant-time': [ '1.0.1' ],
21 silly audit   'buffer-from': [ '1.1.2' ],
21 silly audit   bullmq: [ '5.63.2' ],
21 silly audit   busboy: [ '1.6.0' ],
21 silly audit   bytes: [ '3.1.2' ],
21 silly audit   c12: [ '3.1.0' ],
21 silly audit   dotenv: [ '16.6.1', '16.4.7' ],
21 silly audit   'call-bind-apply-helpers': [ '1.0.2' ],
21 silly audit   'call-bound': [ '1.0.4' ],
21 silly audit   chokidar: [ '4.0.3' ],
21 silly audit   citty: [ '0.1.6' ],
21 silly audit   'class-transformer': [ '0.5.1' ],
21 silly audit   'class-validator': [ '0.14.2' ],
21 silly audit   'cluster-key-slot': [ '1.1.2' ],
21 silly audit   'concat-stream': [ '2.0.0' ],
21 silly audit   confbox: [ '0.2.2' ],
21 silly audit   consola: [ '3.4.2' ],
21 silly audit   'content-disposition': [ '1.0.0' ],
21 silly audit   'content-type': [ '1.0.5' ],
21 silly audit   cookie: [ '0.7.2' ],
21 silly audit   'cookie-signature': [ '1.2.2' ],
21 silly audit   cors: [ '2.8.5' ],
21 silly audit   'cron-parser': [ '4.9.0' ],
21 silly audit   debug: [ '4.4.3' ],
21 silly audit   'deepmerge-ts': [ '7.1.5' ],
21 silly audit   defu: [ '6.1.4' ],
21 silly audit   denque: [ '2.1.0' ],
21 silly audit   depd: [ '2.0.0' ],
21 silly audit   destr: [ '2.0.5' ],
21 silly audit   'detect-libc': [ '2.1.2' ],
21 silly audit   'dotenv-expand': [ '12.0.1' ],
21 silly audit   'dunder-proto': [ '1.0.1' ],
21 silly audit   'ecdsa-sig-formatter': [ '1.0.11' ],
21 silly audit   'ee-first': [ '1.1.1' ],
21 silly audit   effect: [ '3.18.4' ],
21 silly audit   empathic: [ '2.0.0' ],
21 silly audit   encodeurl: [ '2.0.0' ],
21 silly audit   'es-define-property': [ '1.0.1' ],
21 silly audit   'es-errors': [ '1.3.0' ],
21 silly audit   'es-object-atoms': [ '1.1.1' ],
21 silly audit   'escape-html': [ '1.0.3' ],
21 silly audit   etag: [ '1.8.1' ],
21 silly audit   express: [ '5.1.0' ],
21 silly audit   exsolve: [ '1.0.8' ],
21 silly audit   'fast-check': [ '3.23.2' ],
21 silly audit   'fast-safe-stringify': [ '2.1.1' ],
21 silly audit   fflate: [ '0.8.2' ],
21 silly audit   'file-type': [ '21.1.0' ],
21 silly audit   finalhandler: [ '2.1.0' ],
21 silly audit   forwarded: [ '0.2.0' ],
21 silly audit   fresh: [ '2.0.0' ],
21 silly audit   'function-bind': [ '1.1.2' ],
21 silly audit   'get-intrinsic': [ '1.3.0' ],
21 silly audit   'get-proto': [ '1.0.1' ],
21 silly audit   giget: [ '2.0.0' ],
21 silly audit   gopd: [ '1.2.0' ],
21 silly audit   'has-symbols': [ '1.1.0' ],
21 silly audit   hasown: [ '2.0.2' ],
21 silly audit   'http-errors': [ '2.0.0' ],
21 silly audit   statuses: [ '2.0.1', '2.0.2' ],
21 silly audit   'iconv-lite': [ '0.6.3', '0.7.0' ],
21 silly audit   ieee754: [ '1.2.1' ],
21 silly audit   inherits: [ '2.0.4' ],
21 silly audit   ioredis: [ '5.8.2' ],
21 silly audit   'ipaddr.js': [ '1.9.1' ],
21 silly audit   'is-promise': [ '4.0.0' ],
21 silly audit   iterare: [ '1.2.1' ],
21 silly audit   jiti: [ '2.6.1' ],
21 silly audit   jsonwebtoken: [ '9.0.2' ],
21 silly audit   jwa: [ '1.4.2' ],
21 silly audit   jws: [ '3.2.2' ],
21 silly audit   'libphonenumber-js': [ '1.12.26' ],
21 silly audit   'load-esm': [ '1.0.3' ],
21 silly audit   lodash: [ '4.17.21' ],
21 silly audit   'lodash.defaults': [ '4.2.0' ],
21 silly audit   'lodash.includes': [ '4.3.0' ],
21 silly audit   'lodash.isarguments': [ '3.1.0' ],
21 silly audit   'lodash.isboolean': [ '3.0.3' ],
21 silly audit   'lodash.isinteger': [ '4.0.4' ],
21 silly audit   'lodash.isnumber': [ '3.0.3' ],
21 silly audit   'lodash.isplainobject': [ '4.0.6' ],
21 silly audit   'lodash.isstring': [ '4.0.1' ],
21 silly audit   'lodash.once': [ '4.1.1' ],
21 silly audit   luxon: [ '3.7.2' ],
21 silly audit   'math-intrinsics': [ '1.1.0' ],
21 silly audit   'media-typer': [ '1.1.0', '0.3.0' ],
21 silly audit   'merge-descriptors': [ '2.0.0' ],
21 silly audit   'mime-db': [ '1.54.0', '1.52.0' ],
21 silly audit   'mime-types': [ '3.0.1', '2.1.35' ],
21 silly audit   minimist: [ '1.2.8' ],
21 silly audit   mkdirp: [ '0.5.6' ],
21 silly audit   ms: [ '2.1.3' ],
21 silly audit   msgpackr: [ '1.11.5' ],
21 silly audit   'msgpackr-extract': [ '3.0.3' ],
21 silly audit   multer: [ '2.0.2' ],
21 silly audit   'type-is': [ '1.6.18', '2.0.1' ],
21 silly audit   negotiator: [ '1.0.0' ],
21 silly audit   'node-abort-controller': [ '3.1.1' ],
21 silly audit   'node-fetch-native': [ '1.6.7' ],
21 silly audit   'node-gyp-build-optional-packages': [ '5.2.2' ],
21 silly audit   nypm: [ '0.6.2' ],
21 silly audit   'object-assign': [ '4.1.1' ],
21 silly audit   'object-inspect': [ '1.13.4' ],
21 silly audit   ohash: [ '2.0.11' ],
21 silly audit   'on-finished': [ '2.4.1' ],
21 silly audit   once: [ '1.4.0' ],
21 silly audit   parseurl: [ '1.3.3' ],
21 silly audit   passport: [ '0.7.0' ],
21 silly audit   'passport-jwt': [ '4.0.1' ],
21 silly audit   'passport-strategy': [ '1.0.0' ],
21 silly audit   'path-to-regexp': [ '8.3.0' ],
21 silly audit   pathe: [ '2.0.3' ],
21 silly audit   pause: [ '0.0.1' ],
21 silly audit   'perfect-debounce': [ '1.0.0' ],
21 silly audit   'pkg-types': [ '2.3.0' ],
21 silly audit   prisma: [ '6.19.0' ],
21 silly audit   'proxy-addr': [ '2.0.7' ],
21 silly audit   'pure-rand': [ '6.1.0' ],
21 silly audit   qs: [ '6.14.0' ],
21 silly audit   'range-parser': [ '1.2.1' ],
21 silly audit   'raw-body': [ '3.0.1' ],
21 silly audit   rc9: [ '2.1.2' ],
21 silly audit   'readable-stream': [ '3.6.2' ],
21 silly audit   readdirp: [ '4.1.2' ],
21 silly audit   'redis-errors': [ '1.2.0' ],
21 silly audit   'redis-parser': [ '3.0.0' ],
21 silly audit   'reflect-metadata': [ '0.2.2' ],
21 silly audit   router: [ '2.2.0' ],
21 silly audit   rxjs: [ '7.8.2' ],
21 silly audit   'safe-buffer': [ '5.2.1' ],
21 silly audit   'safer-buffer': [ '2.1.2' ],
21 silly audit   send: [ '1.2.0' ],
21 silly audit   'serve-static': [ '2.2.0' ],
21 silly audit   setprototypeof: [ '1.2.0' ],
21 silly audit   'side-channel': [ '1.1.0' ],
21 silly audit   'side-channel-list': [ '1.0.0' ],
21 silly audit   'side-channel-map': [ '1.0.1' ],
21 silly audit   'side-channel-weakmap': [ '1.0.2' ],
21 silly audit   'standard-as-callback': [ '2.1.0' ],
21 silly audit   streamsearch: [ '1.1.0' ],
21 silly audit   string_decoder: [ '1.3.0' ],
21 silly audit   stripe: [ '19.3.1' ],
21 silly audit   strtok3: [ '10.3.4' ],
21 silly audit   tinyexec: [ '1.0.2' ],
21 silly audit   toidentifier: [ '1.0.1' ],
21 silly audit   'token-types': [ '6.1.1' ],
21 silly audit   tslib: [ '2.8.1' ],
21 silly audit   typedarray: [ '0.0.6' ],
21 silly audit   typescript: [ '5.9.3' ],
21 silly audit   uid: [ '2.0.2' ],
21 silly audit   'uint8array-extras': [ '1.5.0' ],
21 silly audit   'undici-types': [ '7.16.0' ],
21 silly audit   unpipe: [ '1.0.0' ],
21 silly audit   'util-deprecate': [ '1.0.2' ],
21 silly audit   'utils-merge': [ '1.0.1' ],
21 silly audit   uuid: [ '11.1.0' ],
21 silly audit   validator: [ '13.15.23' ],
21 silly audit   vary: [ '1.1.2' ],
21 silly audit   wrappy: [ '1.0.2' ],
21 silly audit   xtend: [ '4.0.2' ],
21 silly audit   bcryptjs: [ '3.0.3' ]
21 silly audit }
22 http cache bcryptjs@https://registry.npmjs.org/bcryptjs/-/bcryptjs-3.0.3.tgz 0ms (cache hit)
23 silly tarball no local data for bcryptjs@https://registry.npmjs.org/bcryptjs/-/bcryptjs-3.0.3.tgz. Extracting by manifest.
24 http fetch GET 200 https://registry.npmjs.org/bcryptjs/-/bcryptjs-3.0.3.tgz 156ms (cache miss)
25 http fetch POST 200 https://registry.npmjs.org/-/npm/v1/security/advisories/bulk 288ms
26 silly audit report {}
27 silly ADD node_modules/bcryptjs
28 verbose cwd /Users/kamilbaranek/dev/seobooster
29 verbose os Darwin 25.1.0
30 verbose node v24.7.0
31 verbose npm  v11.6.2
32 verbose exit 0
33 info ok
