0 verbose cli /opt/homebrew/Cellar/node/24.7.0/bin/node /opt/homebrew/bin/npm
1 info using npm@11.6.2
2 info using node@v24.7.0
3 silly config load:file:/opt/homebrew/lib/node_modules/npm/npmrc
4 silly config load:file:/Users/kamilbaranek/dev/seobooster/.npmrc
5 silly config load:file:/Users/kamilbaranek/.npmrc
6 silly config load:file:/opt/homebrew/etc/npmrc
7 verbose title npm install @types/passport-jwt
8 verbose argv "install" "--cache" ".npm-cache" "--prefer-offline" "false" "--workspace" "@seobooster/api" "--save-dev" "@types/passport-jwt"
9 verbose logfile logs-max:10 dir:/Users/kamilbaranek/dev/seobooster/.npm-cache/_logs/2025-11-15T14_08_52_175Z-
10 verbose logfile /Users/kamilbaranek/dev/seobooster/.npm-cache/_logs/2025-11-15T14_08_52_175Z-debug-0.log
11 silly logfile done cleaning log files
12 silly packumentCache heap:4496293888 maxSize:1124073472 maxEntrySize:562036736
13 verbose shrinkwrap failed to load node_modules/.package-lock.json out of date, updated: node_modules/bcryptjs
14 silly idealTree buildDeps
15 silly fetch manifest @types/passport-jwt@*
16 silly packumentCache full:https://registry.npmjs.org/@types%2fpassport-jwt cache-miss
17 http fetch GET 200 https://registry.npmjs.org/@types%2fpassport-jwt 148ms (cache miss)
18 silly packumentCache full:https://registry.npmjs.org/@types%2fpassport-jwt set size:undefined disposed:false
19 silly placeDep ROOT @types/passport-jwt@4.0.1 OK for: @seobooster/api@0.1.0 want: *
20 silly fetch manifest @types/passport-strategy@*
21 silly packumentCache full:https://registry.npmjs.org/@types%2fpassport-strategy cache-miss
22 http fetch GET 200 https://registry.npmjs.org/@types%2fpassport-strategy 78ms (cache miss)
23 silly packumentCache full:https://registry.npmjs.org/@types%2fpassport-strategy set size:undefined disposed:false
24 silly placeDep ROOT @types/passport-strategy@0.2.38 OK for: @types/passport-jwt@4.0.1 want: *
25 silly fetch manifest @types/express@*
26 silly packumentCache full:https://registry.npmjs.org/@types%2fexpress cache-miss
27 silly fetch manifest @types/passport@*
28 silly packumentCache full:https://registry.npmjs.org/@types%2fpassport cache-miss
29 http fetch GET 200 https://registry.npmjs.org/@types%2fexpress 42ms (cache miss)
30 silly packumentCache full:https://registry.npmjs.org/@types%2fexpress set size:undefined disposed:false
31 http fetch GET 200 https://registry.npmjs.org/@types%2fpassport 99ms (cache miss)
32 silly packumentCache full:https://registry.npmjs.org/@types%2fpassport set size:undefined disposed:false
33 silly placeDep ROOT @types/express@5.0.5 OK for: @types/passport-strategy@0.2.38 want: *
34 silly placeDep ROOT @types/passport@1.0.17 OK for: @types/passport-strategy@0.2.38 want: *
35 silly fetch manifest @types/body-parser@*
36 silly packumentCache full:https://registry.npmjs.org/@types%2fbody-parser cache-miss
37 silly fetch manifest @types/serve-static@^1
38 silly packumentCache full:https://registry.npmjs.org/@types%2fserve-static cache-miss
39 silly fetch manifest @types/express-serve-static-core@^5.0.0
40 silly packumentCache full:https://registry.npmjs.org/@types%2fexpress-serve-static-core cache-miss
41 http fetch GET 200 https://registry.npmjs.org/@types%2fbody-parser 45ms (cache miss)
42 silly packumentCache full:https://registry.npmjs.org/@types%2fbody-parser set size:undefined disposed:false
43 http fetch GET 200 https://registry.npmjs.org/@types%2fexpress-serve-static-core 84ms (cache miss)
44 silly packumentCache full:https://registry.npmjs.org/@types%2fexpress-serve-static-core set size:undefined disposed:false
45 http fetch GET 200 https://registry.npmjs.org/@types%2fserve-static 89ms (cache miss)
46 silly packumentCache full:https://registry.npmjs.org/@types%2fserve-static set size:undefined disposed:false
47 silly placeDep ROOT @types/body-parser@1.19.6 OK for: @types/express@5.0.5 want: *
48 silly placeDep ROOT @types/express-serve-static-core@5.1.0 OK for: @types/express@5.0.5 want: ^5.0.0
49 silly placeDep ROOT @types/serve-static@1.15.10 OK for: @types/express@5.0.5 want: ^1
50 silly fetch manifest @types/connect@*
51 silly packumentCache full:https://registry.npmjs.org/@types%2fconnect cache-miss
52 silly fetch manifest @types/qs@*
53 silly packumentCache full:https://registry.npmjs.org/@types%2fqs cache-miss
54 silly fetch manifest @types/send@*
55 silly packumentCache full:https://registry.npmjs.org/@types%2fsend cache-miss
56 silly fetch manifest @types/range-parser@*
57 silly packumentCache full:https://registry.npmjs.org/@types%2frange-parser cache-miss
58 silly fetch manifest @types/send@<1
59 silly packumentCache full:https://registry.npmjs.org/@types%2fsend cache-miss
60 silly fetch manifest @types/http-errors@*
61 silly packumentCache full:https://registry.npmjs.org/@types%2fhttp-errors cache-miss
62 http fetch GET 200 https://registry.npmjs.org/@types%2fsend 46ms (cache miss)
63 silly packumentCache full:https://registry.npmjs.org/@types%2fsend set size:undefined disposed:false
64 http fetch GET 200 https://registry.npmjs.org/@types%2fconnect 61ms (cache miss)
65 silly packumentCache full:https://registry.npmjs.org/@types%2fconnect set size:undefined disposed:false
66 http fetch GET 200 https://registry.npmjs.org/@types%2fqs 62ms (cache miss)
67 silly packumentCache full:https://registry.npmjs.org/@types%2fqs set size:undefined disposed:false
68 http fetch GET 200 https://registry.npmjs.org/@types%2fsend 83ms (cache miss)
69 silly packumentCache full:https://registry.npmjs.org/@types%2fsend set size:undefined disposed:false
70 http fetch GET 200 https://registry.npmjs.org/@types%2frange-parser 96ms (cache miss)
71 silly packumentCache full:https://registry.npmjs.org/@types%2frange-parser set size:undefined disposed:false
72 http fetch GET 200 https://registry.npmjs.org/@types%2fhttp-errors 111ms (cache miss)
73 silly packumentCache full:https://registry.npmjs.org/@types%2fhttp-errors set size:undefined disposed:false
74 silly placeDep ROOT @types/connect@3.4.38 OK for: @types/body-parser@1.19.6 want: *
75 silly placeDep ROOT @types/qs@6.14.0 OK for: @types/express-serve-static-core@5.1.0 want: *
76 silly placeDep ROOT @types/range-parser@1.2.7 OK for: @types/express-serve-static-core@5.1.0 want: *
77 silly placeDep ROOT @types/send@1.2.1 OK for: @types/express-serve-static-core@5.1.0 want: *
78 silly placeDep ROOT @types/http-errors@2.0.5 OK for: @types/serve-static@1.15.10 want: *
79 silly placeDep node_modules/@types/serve-static @types/send@0.17.6 OK for: @types/serve-static@1.15.10 want: <1
80 silly fetch manifest @types/mime@^1
81 silly packumentCache full:https://registry.npmjs.org/@types%2fmime cache-miss
82 http fetch GET 200 https://registry.npmjs.org/@types%2fmime 71ms (cache miss)
83 silly packumentCache full:https://registry.npmjs.org/@types%2fmime set size:undefined disposed:false
84 silly placeDep ROOT @types/mime@1.3.5 OK for: @types/send@0.17.6 want: ^1
85 silly reify moves {}
86 silly audit bulk request {
86 silly audit   '@seobooster/api': [ '0.1.0' ],
86 silly audit   '@seobooster/shared-types': [ '0.1.0' ],
86 silly audit   '@borewit/text-codec': [ '0.1.1' ],
86 silly audit   '@ioredis/commands': [ '1.4.0' ],
86 silly audit   '@lukeed/csprng': [ '1.1.0' ],
86 silly audit   '@msgpackr-extract/msgpackr-extract-darwin-arm64': [ '3.0.3' ],
86 silly audit   '@msgpackr-extract/msgpackr-extract-darwin-x64': [ '3.0.3' ],
86 silly audit   '@msgpackr-extract/msgpackr-extract-linux-arm': [ '3.0.3' ],
86 silly audit   '@msgpackr-extract/msgpackr-extract-linux-arm64': [ '3.0.3' ],
86 silly audit   '@msgpackr-extract/msgpackr-extract-linux-x64': [ '3.0.3' ],
86 silly audit   '@msgpackr-extract/msgpackr-extract-win32-x64': [ '3.0.3' ],
86 silly audit   '@nestjs/bull-shared': [ '11.0.4' ],
86 silly audit   '@nestjs/bullmq': [ '11.0.4' ],
86 silly audit   '@nestjs/common': [ '11.1.9' ],
86 silly audit   '@nestjs/config': [ '4.0.2' ],
86 silly audit   '@nestjs/core': [ '11.1.9' ],
86 silly audit   '@nestjs/jwt': [ '11.0.1' ],
86 silly audit   '@nestjs/passport': [ '11.0.5' ],
86 silly audit   '@nestjs/platform-express': [ '11.1.9' ],
86 silly audit   '@nuxt/opencollective': [ '0.4.1' ],
86 silly audit   '@prisma/client': [ '6.19.0' ],
86 silly audit   '@prisma/config': [ '6.19.0' ],
86 silly audit   '@prisma/debug': [ '6.19.0' ],
86 silly audit   '@prisma/engines': [ '6.19.0' ],
86 silly audit   '@prisma/engines-version': [ '6.19.0-26.2ba551f319ab1df4bc874a89965d8b3641056773' ],
86 silly audit   '@prisma/fetch-engine': [ '6.19.0' ],
86 silly audit   '@prisma/get-platform': [ '6.19.0' ],
86 silly audit   '@standard-schema/spec': [ '1.0.0' ],
86 silly audit   '@tokenizer/inflate': [ '0.3.1' ],
86 silly audit   '@tokenizer/token': [ '0.3.0' ],
86 silly audit   '@types/jsonwebtoken': [ '9.0.10' ],
86 silly audit   '@types/ms': [ '2.1.0' ],
86 silly audit   '@types/node': [ '24.10.1' ],
86 silly audit   '@types/validator': [ '13.15.9' ],
86 silly audit   semver: [ '7.7.3' ],
86 silly audit   accepts: [ '2.0.0' ],
86 silly audit   'append-field': [ '1.0.0' ],
86 silly audit   bcryptjs: [ '3.0.3' ],
86 silly audit   'body-parser': [ '2.2.0' ],
86 silly audit   'buffer-equal-constant-time': [ '1.0.1' ],
86 silly audit   'buffer-from': [ '1.1.2' ],
86 silly audit   bullmq: [ '5.63.2' ],
86 silly audit   busboy: [ '1.6.0' ],
86 silly audit   bytes: [ '3.1.2' ],
86 silly audit   c12: [ '3.1.0' ],
86 silly audit   dotenv: [ '16.6.1', '16.4.7' ],
86 silly audit   'call-bind-apply-helpers': [ '1.0.2' ],
86 silly audit   'call-bound': [ '1.0.4' ],
86 silly audit   chokidar: [ '4.0.3' ],
86 silly audit   citty: [ '0.1.6' ],
86 silly audit   'class-transformer': [ '0.5.1' ],
86 silly audit   'class-validator': [ '0.14.2' ],
86 silly audit   'cluster-key-slot': [ '1.1.2' ],
86 silly audit   'concat-stream': [ '2.0.0' ],
86 silly audit   confbox: [ '0.2.2' ],
86 silly audit   consola: [ '3.4.2' ],
86 silly audit   'content-disposition': [ '1.0.0' ],
86 silly audit   'content-type': [ '1.0.5' ],
86 silly audit   cookie: [ '0.7.2' ],
86 silly audit   'cookie-signature': [ '1.2.2' ],
86 silly audit   cors: [ '2.8.5' ],
86 silly audit   'cron-parser': [ '4.9.0' ],
86 silly audit   debug: [ '4.4.3' ],
86 silly audit   'deepmerge-ts': [ '7.1.5' ],
86 silly audit   defu: [ '6.1.4' ],
86 silly audit   denque: [ '2.1.0' ],
86 silly audit   depd: [ '2.0.0' ],
86 silly audit   destr: [ '2.0.5' ],
86 silly audit   'detect-libc': [ '2.1.2' ],
86 silly audit   'dotenv-expand': [ '12.0.1' ],
86 silly audit   'dunder-proto': [ '1.0.1' ],
86 silly audit   'ecdsa-sig-formatter': [ '1.0.11' ],
86 silly audit   'ee-first': [ '1.1.1' ],
86 silly audit   effect: [ '3.18.4' ],
86 silly audit   empathic: [ '2.0.0' ],
86 silly audit   encodeurl: [ '2.0.0' ],
86 silly audit   'es-define-property': [ '1.0.1' ],
86 silly audit   'es-errors': [ '1.3.0' ],
86 silly audit   'es-object-atoms': [ '1.1.1' ],
86 silly audit   'escape-html': [ '1.0.3' ],
86 silly audit   etag: [ '1.8.1' ],
86 silly audit   express: [ '5.1.0' ],
86 silly audit   exsolve: [ '1.0.8' ],
86 silly audit   'fast-check': [ '3.23.2' ],
86 silly audit   'fast-safe-stringify': [ '2.1.1' ],
86 silly audit   fflate: [ '0.8.2' ],
86 silly audit   'file-type': [ '21.1.0' ],
86 silly audit   finalhandler: [ '2.1.0' ],
86 silly audit   forwarded: [ '0.2.0' ],
86 silly audit   fresh: [ '2.0.0' ],
86 silly audit   'function-bind': [ '1.1.2' ],
86 silly audit   'get-intrinsic': [ '1.3.0' ],
86 silly audit   'get-proto': [ '1.0.1' ],
86 silly audit   giget: [ '2.0.0' ],
86 silly audit   gopd: [ '1.2.0' ],
86 silly audit   'has-symbols': [ '1.1.0' ],
86 silly audit   hasown: [ '2.0.2' ],
86 silly audit   'http-errors': [ '2.0.0' ],
86 silly audit   statuses: [ '2.0.1', '2.0.2' ],
86 silly audit   'iconv-lite': [ '0.6.3', '0.7.0' ],
86 silly audit   ieee754: [ '1.2.1' ],
86 silly audit   inherits: [ '2.0.4' ],
86 silly audit   ioredis: [ '5.8.2' ],
86 silly audit   'ipaddr.js': [ '1.9.1' ],
86 silly audit   'is-promise': [ '4.0.0' ],
86 silly audit   iterare: [ '1.2.1' ],
86 silly audit   jiti: [ '2.6.1' ],
86 silly audit   jsonwebtoken: [ '9.0.2' ],
86 silly audit   jwa: [ '1.4.2' ],
86 silly audit   jws: [ '3.2.2' ],
86 silly audit   'libphonenumber-js': [ '1.12.26' ],
86 silly audit   'load-esm': [ '1.0.3' ],
86 silly audit   lodash: [ '4.17.21' ],
86 silly audit   'lodash.defaults': [ '4.2.0' ],
86 silly audit   'lodash.includes': [ '4.3.0' ],
86 silly audit   'lodash.isarguments': [ '3.1.0' ],
86 silly audit   'lodash.isboolean': [ '3.0.3' ],
86 silly audit   'lodash.isinteger': [ '4.0.4' ],
86 silly audit   'lodash.isnumber': [ '3.0.3' ],
86 silly audit   'lodash.isplainobject': [ '4.0.6' ],
86 silly audit   'lodash.isstring': [ '4.0.1' ],
86 silly audit   'lodash.once': [ '4.1.1' ],
86 silly audit   luxon: [ '3.7.2' ],
86 silly audit   'math-intrinsics': [ '1.1.0' ],
86 silly audit   'media-typer': [ '1.1.0', '0.3.0' ],
86 silly audit   'merge-descriptors': [ '2.0.0' ],
86 silly audit   'mime-db': [ '1.54.0', '1.52.0' ],
86 silly audit   'mime-types': [ '3.0.1', '2.1.35' ],
86 silly audit   minimist: [ '1.2.8' ],
86 silly audit   mkdirp: [ '0.5.6' ],
86 silly audit   ms: [ '2.1.3' ],
86 silly audit   msgpackr: [ '1.11.5' ],
86 silly audit   'msgpackr-extract': [ '3.0.3' ],
86 silly audit   multer: [ '2.0.2' ],
86 silly audit   'type-is': [ '1.6.18', '2.0.1' ],
86 silly audit   negotiator: [ '1.0.0' ],
86 silly audit   'node-abort-controller': [ '3.1.1' ],
86 silly audit   'node-fetch-native': [ '1.6.7' ],
86 silly audit   'node-gyp-build-optional-packages': [ '5.2.2' ],
86 silly audit   nypm: [ '0.6.2' ],
86 silly audit   'object-assign': [ '4.1.1' ],
86 silly audit   'object-inspect': [ '1.13.4' ],
86 silly audit   ohash: [ '2.0.11' ],
86 silly audit   'on-finished': [ '2.4.1' ],
86 silly audit   once: [ '1.4.0' ],
86 silly audit   parseurl: [ '1.3.3' ],
86 silly audit   passport: [ '0.7.0' ],
86 silly audit   'passport-jwt': [ '4.0.1' ],
86 silly audit   'passport-strategy': [ '1.0.0' ],
86 silly audit   'path-to-regexp': [ '8.3.0' ],
86 silly audit   pathe: [ '2.0.3' ],
86 silly audit   pause: [ '0.0.1' ],
86 silly audit   'perfect-debounce': [ '1.0.0' ],
86 silly audit   'pkg-types': [ '2.3.0' ],
86 silly audit   prisma: [ '6.19.0' ],
86 silly audit   'proxy-addr': [ '2.0.7' ],
86 silly audit   'pure-rand': [ '6.1.0' ],
86 silly audit   qs: [ '6.14.0' ],
86 silly audit   'range-parser': [ '1.2.1' ],
86 silly audit   'raw-body': [ '3.0.1' ],
86 silly audit   rc9: [ '2.1.2' ],
86 silly audit   'readable-stream': [ '3.6.2' ],
86 silly audit   readdirp: [ '4.1.2' ],
86 silly audit   'redis-errors': [ '1.2.0' ],
86 silly audit   'redis-parser': [ '3.0.0' ],
86 silly audit   'reflect-metadata': [ '0.2.2' ],
86 silly audit   router: [ '2.2.0' ],
86 silly audit   rxjs: [ '7.8.2' ],
86 silly audit   'safe-buffer': [ '5.2.1' ],
86 silly audit   'safer-buffer': [ '2.1.2' ],
86 silly audit   send: [ '1.2.0' ],
86 silly audit   'serve-static': [ '2.2.0' ],
86 silly audit   setprototypeof: [ '1.2.0' ],
86 silly audit   'side-channel': [ '1.1.0' ],
86 silly audit   'side-channel-list': [ '1.0.0' ],
86 silly audit   'side-channel-map': [ '1.0.1' ],
86 silly audit   'side-channel-weakmap': [ '1.0.2' ],
86 silly audit   'standard-as-callback': [ '2.1.0' ],
86 silly audit   streamsearch: [ '1.1.0' ],
86 silly audit   string_decoder: [ '1.3.0' ],
86 silly audit   stripe: [ '19.3.1' ],
86 silly audit   strtok3: [ '10.3.4' ],
86 silly audit   tinyexec: [ '1.0.2' ],
86 silly audit   toidentifier: [ '1.0.1' ],
86 silly audit   'token-types': [ '6.1.1' ],
86 silly audit   tslib: [ '2.8.1' ],
86 silly audit   typedarray: [ '0.0.6' ],
86 silly audit   typescript: [ '5.9.3' ],
86 silly audit   uid: [ '2.0.2' ],
86 silly audit   'uint8array-extras': [ '1.5.0' ],
86 silly audit   'undici-types': [ '7.16.0' ],
86 silly audit   unpipe: [ '1.0.0' ],
86 silly audit   'util-deprecate': [ '1.0.2' ],
86 silly audit   'utils-merge': [ '1.0.1' ],
86 silly audit   uuid: [ '11.1.0' ],
86 silly audit   validator: [ '13.15.23' ],
86 silly audit   vary: [ '1.1.2' ],
86 silly audit   wrappy: [ '1.0.2' ],
86 silly audit   xtend: [ '4.0.2' ],
86 silly audit   '@types/passport-jwt': [ '4.0.1' ],
86 silly audit   '@types/passport-strategy': [ '0.2.38' ],
86 silly audit   '@types/express': [ '5.0.5' ],
86 silly audit   '@types/passport': [ '1.0.17' ],
86 silly audit   '@types/body-parser': [ '1.19.6' ],
86 silly audit   '@types/express-serve-static-core': [ '5.1.0' ],
86 silly audit   '@types/serve-static': [ '1.15.10' ],
86 silly audit   '@types/connect': [ '3.4.38' ],
86 silly audit   '@types/qs': [ '6.14.0' ],
86 silly audit   '@types/range-parser': [ '1.2.7' ],
86 silly audit   '@types/send': [ '1.2.1', '0.17.6' ],
86 silly audit   '@types/http-errors': [ '2.0.5' ],
86 silly audit   '@types/mime': [ '1.3.5' ]
86 silly audit }
87 http cache @types/send@https://registry.npmjs.org/@types/send/-/send-1.2.1.tgz 0ms (cache hit)
88 http cache @types/range-parser@https://registry.npmjs.org/@types/range-parser/-/range-parser-1.2.7.tgz 0ms (cache hit)
89 http cache @types/mime@https://registry.npmjs.org/@types/mime/-/mime-1.3.5.tgz 0ms (cache hit)
90 http cache @types/http-errors@https://registry.npmjs.org/@types/http-errors/-/http-errors-2.0.5.tgz 0ms (cache hit)
91 http cache @types/connect@https://registry.npmjs.org/@types/connect/-/connect-3.4.38.tgz 0ms (cache hit)
92 http cache @types/body-parser@https://registry.npmjs.org/@types/body-parser/-/body-parser-1.19.6.tgz 0ms (cache hit)
93 http cache @types/qs@https://registry.npmjs.org/@types/qs/-/qs-6.14.0.tgz 0ms (cache hit)
94 http cache @types/express-serve-static-core@https://registry.npmjs.org/@types/express-serve-static-core/-/express-serve-static-core-5.1.0.tgz 0ms (cache hit)
95 http cache @types/express@https://registry.npmjs.org/@types/express/-/express-5.0.5.tgz 0ms (cache hit)
96 http cache @types/passport-strategy@https://registry.npmjs.org/@types/passport-strategy/-/passport-strategy-0.2.38.tgz 0ms (cache hit)
97 http cache @types/serve-static@https://registry.npmjs.org/@types/serve-static/-/serve-static-1.15.10.tgz 0ms (cache hit)
98 http cache @types/passport-jwt@https://registry.npmjs.org/@types/passport-jwt/-/passport-jwt-4.0.1.tgz 0ms (cache hit)
99 http cache @types/passport@https://registry.npmjs.org/@types/passport/-/passport-1.0.17.tgz 0ms (cache hit)
100 http cache @types/send@https://registry.npmjs.org/@types/send/-/send-0.17.6.tgz 0ms (cache hit)
101 silly tarball no local data for @types/send@https://registry.npmjs.org/@types/send/-/send-1.2.1.tgz. Extracting by manifest.
102 silly tarball no local data for @types/range-parser@https://registry.npmjs.org/@types/range-parser/-/range-parser-1.2.7.tgz. Extracting by manifest.
103 silly tarball no local data for @types/mime@https://registry.npmjs.org/@types/mime/-/mime-1.3.5.tgz. Extracting by manifest.
104 silly tarball no local data for @types/http-errors@https://registry.npmjs.org/@types/http-errors/-/http-errors-2.0.5.tgz. Extracting by manifest.
105 silly tarball no local data for @types/connect@https://registry.npmjs.org/@types/connect/-/connect-3.4.38.tgz. Extracting by manifest.
106 silly tarball no local data for @types/body-parser@https://registry.npmjs.org/@types/body-parser/-/body-parser-1.19.6.tgz. Extracting by manifest.
107 silly tarball no local data for @types/qs@https://registry.npmjs.org/@types/qs/-/qs-6.14.0.tgz. Extracting by manifest.
108 silly tarball no local data for @types/express-serve-static-core@https://registry.npmjs.org/@types/express-serve-static-core/-/express-serve-static-core-5.1.0.tgz. Extracting by manifest.
109 silly tarball no local data for @types/express@https://registry.npmjs.org/@types/express/-/express-5.0.5.tgz. Extracting by manifest.
110 silly tarball no local data for @types/passport-jwt@https://registry.npmjs.org/@types/passport-jwt/-/passport-jwt-4.0.1.tgz. Extracting by manifest.
111 silly tarball no local data for @types/passport-strategy@https://registry.npmjs.org/@types/passport-strategy/-/passport-strategy-0.2.38.tgz. Extracting by manifest.
112 silly tarball no local data for @types/serve-static@https://registry.npmjs.org/@types/serve-static/-/serve-static-1.15.10.tgz. Extracting by manifest.
113 silly tarball no local data for @types/passport@https://registry.npmjs.org/@types/passport/-/passport-1.0.17.tgz. Extracting by manifest.
114 silly tarball no local data for @types/send@https://registry.npmjs.org/@types/send/-/send-0.17.6.tgz. Extracting by manifest.
115 http fetch GET 200 https://registry.npmjs.org/@types/connect/-/connect-3.4.38.tgz 47ms (cache miss)
116 http fetch GET 200 https://registry.npmjs.org/@types/http-errors/-/http-errors-2.0.5.tgz 48ms (cache miss)
117 http fetch GET 200 https://registry.npmjs.org/@types/send/-/send-1.2.1.tgz 50ms (cache miss)
118 http fetch GET 200 https://registry.npmjs.org/@types/range-parser/-/range-parser-1.2.7.tgz 49ms (cache miss)
119 http fetch GET 200 https://registry.npmjs.org/@types/mime/-/mime-1.3.5.tgz 60ms (cache miss)
120 http fetch GET 200 https://registry.npmjs.org/@types/express-serve-static-core/-/express-serve-static-core-5.1.0.tgz 79ms (cache miss)
121 http fetch GET 200 https://registry.npmjs.org/@types/serve-static/-/serve-static-1.15.10.tgz 79ms (cache miss)
122 http fetch GET 200 https://registry.npmjs.org/@types/qs/-/qs-6.14.0.tgz 81ms (cache miss)
123 http fetch GET 200 https://registry.npmjs.org/@types/send/-/send-0.17.6.tgz 84ms (cache miss)
124 http fetch GET 200 https://registry.npmjs.org/@types/passport/-/passport-1.0.17.tgz 90ms (cache miss)
125 http fetch GET 200 https://registry.npmjs.org/@types/express/-/express-5.0.5.tgz 93ms (cache miss)
126 http fetch GET 200 https://registry.npmjs.org/@types/body-parser/-/body-parser-1.19.6.tgz 103ms (cache miss)
127 http fetch GET 200 https://registry.npmjs.org/@types/passport-jwt/-/passport-jwt-4.0.1.tgz 114ms (cache miss)
128 http fetch POST 200 https://registry.npmjs.org/-/npm/v1/security/advisories/bulk 210ms
129 silly audit report {}
130 http fetch GET 200 https://registry.npmjs.org/@types/passport-strategy/-/passport-strategy-0.2.38.tgz 729ms (cache miss)
131 silly ADD node_modules/@types/mime
132 silly ADD node_modules/@types/http-errors
133 silly ADD node_modules/@types/send
134 silly ADD node_modules/@types/range-parser
135 silly ADD node_modules/@types/qs
136 silly ADD node_modules/@types/connect
137 silly ADD node_modules/@types/serve-static
138 silly ADD node_modules/@types/serve-static/node_modules/@types/send
139 silly ADD node_modules/@types/express-serve-static-core
140 silly ADD node_modules/@types/body-parser
141 silly ADD node_modules/@types/passport
142 silly ADD node_modules/@types/express
143 silly ADD node_modules/@types/passport-strategy
144 silly ADD node_modules/@types/passport-jwt
145 verbose cwd /Users/kamilbaranek/dev/seobooster
146 verbose os Darwin 25.1.0
147 verbose node v24.7.0
148 verbose npm  v11.6.2
149 verbose exit 0
150 info ok
