0 verbose cli /opt/homebrew/Cellar/node/24.7.0/bin/node /opt/homebrew/bin/npm
1 info using npm@11.6.2
2 info using node@v24.7.0
3 silly config load:file:/opt/homebrew/lib/node_modules/npm/npmrc
4 silly config load:file:/Users/kamilbaranek/dev/seobooster/.npmrc
5 silly config load:file:/Users/kamilbaranek/.npmrc
6 silly config load:file:/opt/homebrew/etc/npmrc
7 verbose title npm install
8 verbose argv "install" "--cache" ".npm-cache" "--prefer-offline" "false"
9 verbose logfile logs-max:10 dir:/Users/kamilbaranek/dev/seobooster/.npm-cache/_logs/2025-11-15T22_03_03_619Z-
10 verbose logfile /Users/kamilbaranek/dev/seobooster/.npm-cache/_logs/2025-11-15T22_03_03_619Z-debug-0.log
11 silly logfile done cleaning log files
12 silly packumentCache heap:4496293888 maxSize:1124073472 maxEntrySize:562036736
13 verbose shrinkwrap failed to load node_modules/.package-lock.json out of date, updated: node_modules/on-exit-leak-free
14 silly idealTree buildDeps
15 silly placeDep ROOT @seobooster/ai-types@0.1.0 OK for: seobooster@0.1.0 want: file:/Users/kamilbaranek/dev/seobooster/libs/ai-types
16 silly fetch manifest undici@latest
17 silly packumentCache full:https://registry.npmjs.org/undici cache-miss
18 http fetch GET 200 https://registry.npmjs.org/undici 200ms (cache miss)
19 silly packumentCache full:https://registry.npmjs.org/undici set size:undefined disposed:false
20 silly placeDep ROOT undici@7.16.0 OK for: @seobooster/api@0.1.0 want: latest
21 silly reify moves {}
22 silly audit bulk request {
22 silly audit   '@seobooster/api': [ '0.1.0' ],
22 silly audit   '@seobooster/web': [ '0.1.0' ],
22 silly audit   '@seobooster/worker': [ '0.1.0' ],
22 silly audit   '@seobooster/queue-types': [ '0.1.0' ],
22 silly audit   '@seobooster/shared-types': [ '0.1.0' ],
22 silly audit   '@babel/code-frame': [ '7.27.1' ],
22 silly audit   '@babel/compat-data': [ '7.28.5' ],
22 silly audit   '@babel/core': [ '7.28.5' ],
22 silly audit   '@babel/generator': [ '7.28.5' ],
22 silly audit   '@jridgewell/trace-mapping': [ '0.3.31', '0.3.9' ],
22 silly audit   '@babel/helper-compilation-targets': [ '7.27.2' ],
22 silly audit   '@babel/helper-globals': [ '7.28.0' ],
22 silly audit   '@babel/helper-module-imports': [ '7.27.1' ],
22 silly audit   '@babel/helper-module-transforms': [ '7.28.3' ],
22 silly audit   '@babel/helper-string-parser': [ '7.27.1' ],
22 silly audit   '@babel/helper-validator-identifier': [ '7.28.5' ],
22 silly audit   '@babel/helper-validator-option': [ '7.27.1' ],
22 silly audit   '@babel/helpers': [ '7.28.4' ],
22 silly audit   '@babel/parser': [ '7.28.5' ],
22 silly audit   '@babel/template': [ '7.27.2' ],
22 silly audit   '@babel/traverse': [ '7.28.5' ],
22 silly audit   '@babel/types': [ '7.28.5' ],
22 silly audit   '@borewit/text-codec': [ '0.1.1' ],
22 silly audit   '@cspotcode/source-map-support': [ '0.8.1' ],
22 silly audit   '@emnapi/core': [ '1.7.1' ],
22 silly audit   '@emnapi/runtime': [ '1.7.1' ],
22 silly audit   '@emnapi/wasi-threads': [ '1.1.0' ],
22 silly audit   '@eslint-community/eslint-utils': [ '4.9.0' ],
22 silly audit   'eslint-visitor-keys': [ '3.4.3', '4.2.1' ],
22 silly audit   '@eslint-community/regexpp': [ '4.12.2' ],
22 silly audit   '@eslint/config-array': [ '0.21.1' ],
22 silly audit   '@eslint/config-helpers': [ '0.4.2' ],
22 silly audit   '@eslint/core': [ '0.17.0' ],
22 silly audit   '@eslint/eslintrc': [ '3.3.1' ],
22 silly audit   '@eslint/js': [ '9.39.1' ],
22 silly audit   '@eslint/object-schema': [ '2.1.7' ],
22 silly audit   '@eslint/plugin-kit': [ '0.4.1' ],
22 silly audit   '@humanfs/core': [ '0.19.1' ],
22 silly audit   '@humanfs/node': [ '0.16.7' ],
22 silly audit   '@humanwhocodes/module-importer': [ '1.0.1' ],
22 silly audit   '@humanwhocodes/retry': [ '0.4.3' ],
22 silly audit   '@img/colour': [ '1.0.0' ],
22 silly audit   '@img/sharp-darwin-arm64': [ '0.34.5' ],
22 silly audit   '@img/sharp-darwin-x64': [ '0.34.5' ],
22 silly audit   '@img/sharp-libvips-darwin-arm64': [ '1.2.4' ],
22 silly audit   '@img/sharp-libvips-darwin-x64': [ '1.2.4' ],
22 silly audit   '@img/sharp-libvips-linux-arm': [ '1.2.4' ],
22 silly audit   '@img/sharp-libvips-linux-arm64': [ '1.2.4' ],
22 silly audit   '@img/sharp-libvips-linux-ppc64': [ '1.2.4' ],
22 silly audit   '@img/sharp-libvips-linux-riscv64': [ '1.2.4' ],
22 silly audit   '@img/sharp-libvips-linux-s390x': [ '1.2.4' ],
22 silly audit   '@img/sharp-libvips-linux-x64': [ '1.2.4' ],
22 silly audit   '@img/sharp-libvips-linuxmusl-arm64': [ '1.2.4' ],
22 silly audit   '@img/sharp-libvips-linuxmusl-x64': [ '1.2.4' ],
22 silly audit   '@img/sharp-linux-arm': [ '0.34.5' ],
22 silly audit   '@img/sharp-linux-arm64': [ '0.34.5' ],
22 silly audit   '@img/sharp-linux-ppc64': [ '0.34.5' ],
22 silly audit   '@img/sharp-linux-riscv64': [ '0.34.5' ],
22 silly audit   '@img/sharp-linux-s390x': [ '0.34.5' ],
22 silly audit   '@img/sharp-linux-x64': [ '0.34.5' ],
22 silly audit   '@img/sharp-linuxmusl-arm64': [ '0.34.5' ],
22 silly audit   '@img/sharp-linuxmusl-x64': [ '0.34.5' ],
22 silly audit   '@img/sharp-wasm32': [ '0.34.5' ],
22 silly audit   '@img/sharp-win32-arm64': [ '0.34.5' ],
22 silly audit   '@img/sharp-win32-ia32': [ '0.34.5' ],
22 silly audit   '@img/sharp-win32-x64': [ '0.34.5' ],
22 silly audit   '@ioredis/commands': [ '1.4.0' ],
22 silly audit   '@jridgewell/gen-mapping': [ '0.3.13' ],
22 silly audit   '@jridgewell/remapping': [ '2.3.5' ],
22 silly audit   '@jridgewell/resolve-uri': [ '3.1.2' ],
22 silly audit   '@jridgewell/sourcemap-codec': [ '1.5.5' ],
22 silly audit   '@lukeed/csprng': [ '1.1.0' ],
22 silly audit   '@msgpackr-extract/msgpackr-extract-darwin-arm64': [ '3.0.3' ],
22 silly audit   '@msgpackr-extract/msgpackr-extract-darwin-x64': [ '3.0.3' ],
22 silly audit   '@msgpackr-extract/msgpackr-extract-linux-arm': [ '3.0.3' ],
22 silly audit   '@msgpackr-extract/msgpackr-extract-linux-arm64': [ '3.0.3' ],
22 silly audit   '@msgpackr-extract/msgpackr-extract-linux-x64': [ '3.0.3' ],
22 silly audit   '@msgpackr-extract/msgpackr-extract-win32-x64': [ '3.0.3' ],
22 silly audit   '@napi-rs/wasm-runtime': [ '0.2.12' ],
22 silly audit   '@nestjs/bull-shared': [ '11.0.4' ],
22 silly audit   '@nestjs/bullmq': [ '11.0.4' ],
22 silly audit   '@nestjs/common': [ '11.1.9' ],
22 silly audit   '@nestjs/config': [ '4.0.2' ],
22 silly audit   '@nestjs/core': [ '11.1.9' ],
22 silly audit   '@nestjs/jwt': [ '11.0.1' ],
22 silly audit   '@nestjs/passport': [ '11.0.5' ],
22 silly audit   '@nestjs/platform-express': [ '11.1.9' ],
22 silly audit   '@next/env': [ '16.0.3' ],
22 silly audit   '@next/eslint-plugin-next': [ '16.0.3' ],
22 silly audit   '@next/swc-darwin-arm64': [ '16.0.3' ],
22 silly audit   '@next/swc-darwin-x64': [ '16.0.3' ],
22 silly audit   '@next/swc-linux-arm64-gnu': [ '16.0.3' ],
22 silly audit   '@next/swc-linux-arm64-musl': [ '16.0.3' ],
22 silly audit   '@next/swc-linux-x64-gnu': [ '16.0.3' ],
22 silly audit   '@next/swc-linux-x64-musl': [ '16.0.3' ],
22 silly audit   '@next/swc-win32-arm64-msvc': [ '16.0.3' ],
22 silly audit   '@next/swc-win32-x64-msvc': [ '16.0.3' ],
22 silly audit   '@nodelib/fs.scandir': [ '2.1.5' ],
22 silly audit   '@nodelib/fs.stat': [ '2.0.5' ],
22 silly audit   '@nodelib/fs.walk': [ '1.2.8' ],
22 silly audit   '@nolyfill/is-core-module': [ '1.0.39' ],
22 silly audit   '@nuxt/opencollective': [ '0.4.1' ],
22 silly audit   '@pinojs/redact': [ '0.4.0' ],
22 silly audit   '@prisma/client': [ '6.19.0' ],
22 silly audit   '@prisma/config': [ '6.19.0' ],
22 silly audit   '@prisma/debug': [ '6.19.0' ],
22 silly audit   '@prisma/engines': [ '6.19.0' ],
22 silly audit   '@prisma/engines-version': [ '6.19.0-26.2ba551f319ab1df4bc874a89965d8b3641056773' ],
22 silly audit   '@prisma/fetch-engine': [ '6.19.0' ],
22 silly audit   '@prisma/get-platform': [ '6.19.0' ],
22 silly audit   '@rtsao/scc': [ '1.1.0' ],
22 silly audit   '@standard-schema/spec': [ '1.0.0' ],
22 silly audit   '@swc/helpers': [ '0.5.15' ],
22 silly audit   '@tokenizer/inflate': [ '0.3.1' ],
22 silly audit   '@tokenizer/token': [ '0.3.0' ],
22 silly audit   '@tsconfig/node10': [ '1.0.12' ],
22 silly audit   '@tsconfig/node12': [ '1.0.11' ],
22 silly audit   '@tsconfig/node14': [ '1.0.3' ],
22 silly audit   '@tsconfig/node16': [ '1.0.4' ],
22 silly audit   '@tybys/wasm-util': [ '0.10.1' ],
22 silly audit   '@types/body-parser': [ '1.19.6' ],
22 silly audit   '@types/connect': [ '3.4.38' ],
22 silly audit   '@types/estree': [ '1.0.8' ],
22 silly audit   '@types/express': [ '5.0.5' ],
22 silly audit   '@types/express-serve-static-core': [ '5.1.0' ],
22 silly audit   '@types/http-errors': [ '2.0.5' ],
22 silly audit   '@types/json-schema': [ '7.0.15' ],
22 silly audit   '@types/json5': [ '0.0.29' ],
22 silly audit   '@types/jsonwebtoken': [ '9.0.10' ],
22 silly audit   '@types/mime': [ '1.3.5' ],
22 silly audit   '@types/ms': [ '2.1.0' ],
22 silly audit   '@types/node': [ '24.10.1' ],
22 silly audit   '@types/passport': [ '1.0.17' ],
22 silly audit   '@types/passport-jwt': [ '4.0.1' ],
22 silly audit   '@types/passport-strategy': [ '0.2.38' ],
22 silly audit   '@types/qs': [ '6.14.0' ],
22 silly audit   '@types/range-parser': [ '1.2.7' ],
22 silly audit   '@types/react': [ '19.2.5' ],
22 silly audit   '@types/react-dom': [ '19.2.3' ],
22 silly audit   '@types/send': [ '1.2.1', '0.17.6' ],
22 silly audit   '@types/serve-static': [ '1.15.10' ],
22 silly audit   '@types/validator': [ '13.15.9' ],
22 silly audit   '@typescript-eslint/eslint-plugin': [ '8.46.4' ],
22 silly audit   ignore: [ '7.0.5', '5.3.2' ],
22 silly audit   '@typescript-eslint/parser': [ '8.46.4' ],
22 silly audit   '@typescript-eslint/project-service': [ '8.46.4' ],
22 silly audit   '@typescript-eslint/scope-manager': [ '8.46.4' ],
22 silly audit   '@typescript-eslint/tsconfig-utils': [ '8.46.4' ],
22 silly audit   '@typescript-eslint/type-utils': [ '8.46.4' ],
22 silly audit   '@typescript-eslint/types': [ '8.46.4' ],
22 silly audit   '@typescript-eslint/typescript-estree': [ '8.46.4' ],
22 silly audit   'brace-expansion': [ '2.0.2', '1.1.12' ],
22 silly audit   'fast-glob': [ '3.3.3', '3.3.1' ],
22 silly audit   'glob-parent': [ '5.1.2', '6.0.2' ],
22 silly audit   minimatch: [ '9.0.5', '3.1.2' ],
22 silly audit   semver: [ '7.7.3', '6.3.1' ],
22 silly audit   '@typescript-eslint/utils': [ '8.46.4' ],
22 silly audit   '@typescript-eslint/visitor-keys': [ '8.46.4' ],
22 silly audit   '@unrs/resolver-binding-android-arm-eabi': [ '1.11.1' ],
22 silly audit   '@unrs/resolver-binding-android-arm64': [ '1.11.1' ],
22 silly audit   '@unrs/resolver-binding-darwin-arm64': [ '1.11.1' ],
22 silly audit   '@unrs/resolver-binding-darwin-x64': [ '1.11.1' ],
22 silly audit   '@unrs/resolver-binding-freebsd-x64': [ '1.11.1' ],
22 silly audit   '@unrs/resolver-binding-linux-arm-gnueabihf': [ '1.11.1' ],
22 silly audit   '@unrs/resolver-binding-linux-arm-musleabihf': [ '1.11.1' ],
22 silly audit   '@unrs/resolver-binding-linux-arm64-gnu': [ '1.11.1' ],
22 silly audit   '@unrs/resolver-binding-linux-arm64-musl': [ '1.11.1' ],
22 silly audit   '@unrs/resolver-binding-linux-ppc64-gnu': [ '1.11.1' ],
22 silly audit   '@unrs/resolver-binding-linux-riscv64-gnu': [ '1.11.1' ],
22 silly audit   '@unrs/resolver-binding-linux-riscv64-musl': [ '1.11.1' ],
22 silly audit   '@unrs/resolver-binding-linux-s390x-gnu': [ '1.11.1' ],
22 silly audit   '@unrs/resolver-binding-linux-x64-gnu': [ '1.11.1' ],
22 silly audit   '@unrs/resolver-binding-linux-x64-musl': [ '1.11.1' ],
22 silly audit   '@unrs/resolver-binding-wasm32-wasi': [ '1.11.1' ],
22 silly audit   '@unrs/resolver-binding-win32-arm64-msvc': [ '1.11.1' ],
22 silly audit   '@unrs/resolver-binding-win32-ia32-msvc': [ '1.11.1' ],
22 silly audit   '@unrs/resolver-binding-win32-x64-msvc': [ '1.11.1' ],
22 silly audit   accepts: [ '2.0.0' ],
22 silly audit   acorn: [ '8.15.0' ],
22 silly audit   'acorn-jsx': [ '5.3.2' ],
22 silly audit   'acorn-walk': [ '8.3.4' ],
22 silly audit   ajv: [ '6.12.6' ],
22 silly audit   'ansi-styles': [ '4.3.0' ],
22 silly audit   'append-field': [ '1.0.0' ],
22 silly audit   arg: [ '4.1.3' ],
22 silly audit   argparse: [ '2.0.1' ],
22 silly audit   'aria-query': [ '5.3.2' ],
22 silly audit   'array-buffer-byte-length': [ '1.0.2' ],
22 silly audit   'array-includes': [ '3.1.9' ],
22 silly audit   'array.prototype.findlast': [ '1.2.5' ],
22 silly audit   'array.prototype.findlastindex': [ '1.2.6' ],
22 silly audit   'array.prototype.flat': [ '1.3.3' ],
22 silly audit   'array.prototype.flatmap': [ '1.3.3' ],
22 silly audit   'array.prototype.tosorted': [ '1.1.4' ],
22 silly audit   'arraybuffer.prototype.slice': [ '1.0.4' ],
22 silly audit   'ast-types-flow': [ '0.0.8' ],
22 silly audit   'async-function': [ '1.0.0' ],
22 silly audit   'atomic-sleep': [ '1.0.0' ],
22 silly audit   'available-typed-arrays': [ '1.0.7' ],
22 silly audit   'axe-core': [ '4.11.0' ],
22 silly audit   'axobject-query': [ '4.1.0' ],
22 silly audit   'balanced-match': [ '1.0.2' ],
22 silly audit   'baseline-browser-mapping': [ '2.8.28' ],
22 silly audit   bcryptjs: [ '3.0.3' ],
22 silly audit   'body-parser': [ '2.2.0' ],
22 silly audit   braces: [ '3.0.3' ],
22 silly audit   browserslist: [ '4.28.0' ],
22 silly audit   'buffer-equal-constant-time': [ '1.0.1' ],
22 silly audit   'buffer-from': [ '1.1.2' ],
22 silly audit   bullmq: [ '5.63.2' ],
22 silly audit   busboy: [ '1.6.0' ],
22 silly audit   bytes: [ '3.1.2' ],
22 silly audit   c12: [ '3.1.0' ],
22 silly audit   dotenv: [ '16.6.1', '16.4.7' ],
22 silly audit   'call-bind': [ '1.0.8' ],
22 silly audit   'call-bind-apply-helpers': [ '1.0.2' ],
22 silly audit   'call-bound': [ '1.0.4' ],
22 silly audit   callsites: [ '3.1.0' ],
22 silly audit   'caniuse-lite': [ '1.0.30001754' ],
22 silly audit   chalk: [ '4.1.2' ],
22 silly audit   chokidar: [ '4.0.3' ],
22 silly audit   citty: [ '0.1.6' ],
22 silly audit   'class-transformer': [ '0.5.1' ],
22 silly audit   'class-validator': [ '0.14.2' ],
22 silly audit   'client-only': [ '0.0.1' ],
22 silly audit   'cluster-key-slot': [ '1.1.2' ],
22 silly audit   'color-convert': [ '2.0.1' ],
22 silly audit   'color-name': [ '1.1.4' ],
22 silly audit   'concat-map': [ '0.0.1' ],
22 silly audit   'concat-stream': [ '2.0.0' ],
22 silly audit   confbox: [ '0.2.2' ],
22 silly audit   consola: [ '3.4.2' ],
22 silly audit   'content-disposition': [ '1.0.0' ],
22 silly audit   'content-type': [ '1.0.5' ],
22 silly audit   'convert-source-map': [ '2.0.0' ],
22 silly audit   cookie: [ '0.7.2' ],
22 silly audit   'cookie-signature': [ '1.2.2' ],
22 silly audit   cors: [ '2.8.5' ],
22 silly audit   'create-require': [ '1.1.1' ],
22 silly audit   'cron-parser': [ '4.9.0' ],
22 silly audit   'cross-spawn': [ '7.0.6' ],
22 silly audit   csstype: [ '3.2.1' ],
22 silly audit   'damerau-levenshtein': [ '1.0.8' ],
22 silly audit   'data-view-buffer': [ '1.0.2' ],
22 silly audit   'data-view-byte-length': [ '1.0.2' ],
22 silly audit   'data-view-byte-offset': [ '1.0.1' ],
22 silly audit   debug: [ '4.4.3', '3.2.7' ],
22 silly audit   'deep-is': [ '0.1.4' ],
22 silly audit   'deepmerge-ts': [ '7.1.5' ],
22 silly audit   'define-data-property': [ '1.1.4' ],
22 silly audit   'define-properties': [ '1.2.1' ],
22 silly audit   defu: [ '6.1.4' ],
22 silly audit   denque: [ '2.1.0' ],
22 silly audit   depd: [ '2.0.0' ],
22 silly audit   destr: [ '2.0.5' ],
22 silly audit   'detect-libc': [ '2.1.2' ],
22 silly audit   diff: [ '4.0.2' ],
22 silly audit   doctrine: [ '2.1.0' ],
22 silly audit   'dotenv-expand': [ '12.0.1' ],
22 silly audit   'dunder-proto': [ '1.0.1' ],
22 silly audit   'ecdsa-sig-formatter': [ '1.0.11' ],
22 silly audit   'ee-first': [ '1.1.1' ],
22 silly audit   effect: [ '3.18.4' ],
22 silly audit   'electron-to-chromium': [ '1.5.253' ],
22 silly audit   'emoji-regex': [ '9.2.2' ],
22 silly audit   empathic: [ '2.0.0' ],
22 silly audit   encodeurl: [ '2.0.0' ],
22 silly audit   'es-abstract': [ '1.24.0' ],
22 silly audit   'es-define-property': [ '1.0.1' ],
22 silly audit   'es-errors': [ '1.3.0' ],
22 silly audit   'es-iterator-helpers': [ '1.2.1' ],
22 silly audit   'es-object-atoms': [ '1.1.1' ],
22 silly audit   'es-set-tostringtag': [ '2.1.0' ],
22 silly audit   'es-shim-unscopables': [ '1.1.0' ],
22 silly audit   'es-to-primitive': [ '1.3.0' ],
22 silly audit   escalade: [ '3.2.0' ],
22 silly audit   'escape-html': [ '1.0.3' ],
22 silly audit   'escape-string-regexp': [ '4.0.0' ],
22 silly audit   eslint: [ '9.39.1' ],
22 silly audit   'eslint-config-next': [ '16.0.3' ],
22 silly audit   globals: [ '16.4.0', '14.0.0' ],
22 silly audit   'eslint-import-resolver-node': [ '0.3.9' ],
22 silly audit   'eslint-import-resolver-typescript': [ '3.10.1' ],
22 silly audit   'eslint-module-utils': [ '2.12.1' ],
22 silly audit   'eslint-plugin-import': [ '2.32.0' ],
22 silly audit   json5: [ '1.0.2', '2.2.3' ],
22 silly audit   'tsconfig-paths': [ '3.15.0', '4.2.0' ],
22 silly audit   'eslint-plugin-jsx-a11y': [ '6.10.2' ],
22 silly audit   'eslint-plugin-react': [ '7.37.5' ],
22 silly audit   'eslint-plugin-react-hooks': [ '7.0.1' ],
22 silly audit   resolve: [ '2.0.0-next.5', '1.22.11' ],
22 silly audit   'eslint-scope': [ '8.4.0' ],
22 silly audit   espree: [ '10.4.0' ],
22 silly audit   esquery: [ '1.6.0' ],
22 silly audit   esrecurse: [ '4.3.0' ],
22 silly audit   estraverse: [ '5.3.0' ],
22 silly audit   esutils: [ '2.0.3' ],
22 silly audit   etag: [ '1.8.1' ],
22 silly audit   express: [ '5.1.0' ],
22 silly audit   exsolve: [ '1.0.8' ],
22 silly audit   'fast-check': [ '3.23.2' ],
22 silly audit   'fast-deep-equal': [ '3.1.3' ],
22 silly audit   'fast-json-stable-stringify': [ '2.1.0' ],
22 silly audit   'fast-levenshtein': [ '2.0.6' ],
22 silly audit   'fast-safe-stringify': [ '2.1.1' ],
22 silly audit   fastq: [ '1.19.1' ],
22 silly audit   fflate: [ '0.8.2' ],
22 silly audit   'file-entry-cache': [ '8.0.0' ],
22 silly audit   'file-type': [ '21.1.0' ],
22 silly audit   'fill-range': [ '7.1.1' ],
22 silly audit   finalhandler: [ '2.1.0' ],
22 silly audit   'find-up': [ '5.0.0' ],
22 silly audit   'flat-cache': [ '4.0.1' ],
22 silly audit   flatted: [ '3.3.3' ],
22 silly audit   'for-each': [ '0.3.5' ],
22 silly audit   forwarded: [ '0.2.0' ],
22 silly audit   fresh: [ '2.0.0' ],
22 silly audit   'function-bind': [ '1.1.2' ],
22 silly audit   'function.prototype.name': [ '1.1.8' ],
22 silly audit   'functions-have-names': [ '1.2.3' ],
22 silly audit   'generator-function': [ '2.0.1' ],
22 silly audit   gensync: [ '1.0.0-beta.2' ],
22 silly audit   'get-intrinsic': [ '1.3.0' ],
22 silly audit   'get-proto': [ '1.0.1' ],
22 silly audit   'get-symbol-description': [ '1.1.0' ],
22 silly audit   'get-tsconfig': [ '4.13.0' ],
22 silly audit   giget: [ '2.0.0' ],
22 silly audit   globalthis: [ '1.0.4' ],
22 silly audit   gopd: [ '1.2.0' ],
22 silly audit   graphemer: [ '1.4.0' ],
22 silly audit   'has-bigints': [ '1.1.0' ],
22 silly audit   'has-flag': [ '4.0.0' ],
22 silly audit   'has-property-descriptors': [ '1.0.2' ],
22 silly audit   'has-proto': [ '1.2.0' ],
22 silly audit   'has-symbols': [ '1.1.0' ],
22 silly audit   'has-tostringtag': [ '1.0.2' ],
22 silly audit   hasown: [ '2.0.2' ],
22 silly audit   'hermes-estree': [ '0.25.1' ],
22 silly audit   'hermes-parser': [ '0.25.1' ],
22 silly audit   'http-errors': [ '2.0.0' ],
22 silly audit   statuses: [ '2.0.1', '2.0.2' ],
22 silly audit   'iconv-lite': [ '0.6.3', '0.7.0' ],
22 silly audit   ieee754: [ '1.2.1' ],
22 silly audit   'import-fresh': [ '3.3.1' ],
22 silly audit   imurmurhash: [ '0.1.4' ],
22 silly audit   inherits: [ '2.0.4' ],
22 silly audit   'internal-slot': [ '1.1.0' ],
22 silly audit   ioredis: [ '5.8.2' ],
22 silly audit   'ipaddr.js': [ '1.9.1' ],
22 silly audit   'is-array-buffer': [ '3.0.5' ],
22 silly audit   'is-async-function': [ '2.1.1' ],
22 silly audit   'is-bigint': [ '1.1.0' ],
22 silly audit   'is-boolean-object': [ '1.2.2' ],
22 silly audit   'is-bun-module': [ '2.0.0' ],
22 silly audit   'is-callable': [ '1.2.7' ],
22 silly audit   'is-core-module': [ '2.16.1' ],
22 silly audit   'is-data-view': [ '1.0.2' ],
22 silly audit   'is-date-object': [ '1.1.0' ],
22 silly audit   'is-extglob': [ '2.1.1' ],
22 silly audit   'is-finalizationregistry': [ '1.1.1' ],
22 silly audit   'is-generator-function': [ '1.1.2' ],
22 silly audit   'is-glob': [ '4.0.3' ],
22 silly audit   'is-map': [ '2.0.3' ],
22 silly audit   'is-negative-zero': [ '2.0.3' ],
22 silly audit   'is-number': [ '7.0.0' ],
22 silly audit   'is-number-object': [ '1.1.1' ],
22 silly audit   'is-promise': [ '4.0.0' ],
22 silly audit   'is-regex': [ '1.2.1' ],
22 silly audit   'is-set': [ '2.0.3' ],
22 silly audit   'is-shared-array-buffer': [ '1.0.4' ],
22 silly audit   'is-string': [ '1.1.1' ],
22 silly audit   'is-symbol': [ '1.1.1' ],
22 silly audit   'is-typed-array': [ '1.1.15' ],
22 silly audit   'is-weakmap': [ '2.0.2' ],
22 silly audit   'is-weakref': [ '1.1.1' ],
22 silly audit   'is-weakset': [ '2.0.4' ],
22 silly audit   isarray: [ '2.0.5' ],
22 silly audit   isexe: [ '2.0.0' ],
22 silly audit   iterare: [ '1.2.1' ],
22 silly audit   'iterator.prototype': [ '1.1.5' ],
22 silly audit   jiti: [ '2.6.1' ],
22 silly audit   'js-tokens': [ '4.0.0' ],
22 silly audit   'js-yaml': [ '4.1.1' ],
22 silly audit   jsesc: [ '3.1.0' ],
22 silly audit   'json-buffer': [ '3.0.1' ],
22 silly audit   'json-schema-traverse': [ '0.4.1' ],
22 silly audit   'json-stable-stringify-without-jsonify': [ '1.0.1' ],
22 silly audit   jsonwebtoken: [ '9.0.2' ],
22 silly audit   'jsx-ast-utils': [ '3.3.5' ],
22 silly audit   jwa: [ '1.4.2' ],
22 silly audit   jws: [ '3.2.2' ],
22 silly audit   keyv: [ '4.5.4' ],
22 silly audit   'language-subtag-registry': [ '0.3.23' ],
22 silly audit   'language-tags': [ '1.0.9' ],
22 silly audit   levn: [ '0.4.1' ],
22 silly audit   'libphonenumber-js': [ '1.12.26' ],
22 silly audit   'load-esm': [ '1.0.3' ],
22 silly audit   'locate-path': [ '6.0.0' ],
22 silly audit   lodash: [ '4.17.21' ],
22 silly audit   'lodash.defaults': [ '4.2.0' ],
22 silly audit   'lodash.includes': [ '4.3.0' ],
22 silly audit   'lodash.isarguments': [ '3.1.0' ],
22 silly audit   'lodash.isboolean': [ '3.0.3' ],
22 silly audit   'lodash.isinteger': [ '4.0.4' ],
22 silly audit   'lodash.isnumber': [ '3.0.3' ],
22 silly audit   'lodash.isplainobject': [ '4.0.6' ],
22 silly audit   'lodash.isstring': [ '4.0.1' ],
22 silly audit   'lodash.merge': [ '4.6.2' ],
22 silly audit   'lodash.once': [ '4.1.1' ],
22 silly audit   'loose-envify': [ '1.4.0' ],
22 silly audit   'lru-cache': [ '5.1.1' ],
22 silly audit   luxon: [ '3.7.2' ],
22 silly audit   'make-error': [ '1.3.6' ],
22 silly audit   'math-intrinsics': [ '1.1.0' ],
22 silly audit   'media-typer': [ '1.1.0', '0.3.0' ],
22 silly audit   'merge-descriptors': [ '2.0.0' ],
22 silly audit   merge2: [ '1.4.1' ],
22 silly audit   micromatch: [ '4.0.8' ],
22 silly audit   'mime-db': [ '1.54.0', '1.52.0' ],
22 silly audit   'mime-types': [ '3.0.1', '2.1.35' ],
22 silly audit   minimist: [ '1.2.8' ],
22 silly audit   mkdirp: [ '0.5.6' ],
22 silly audit   ms: [ '2.1.3' ],
22 silly audit   msgpackr: [ '1.11.5' ],
22 silly audit   'msgpackr-extract': [ '3.0.3' ],
22 silly audit   multer: [ '2.0.2' ],
22 silly audit   'type-is': [ '1.6.18', '2.0.1' ],
22 silly audit   nanoid: [ '3.3.11' ],
22 silly audit   'napi-postinstall': [ '0.3.4' ],
22 silly audit   'natural-compare': [ '1.4.0' ],
22 silly audit   negotiator: [ '1.0.0' ],
22 silly audit   next: [ '16.0.3' ],
22 silly audit   'node-abort-controller': [ '3.1.1' ],
22 silly audit   'node-fetch-native': [ '1.6.7' ],
22 silly audit   'node-gyp-build-optional-packages': [ '5.2.2' ],
22 silly audit   'node-releases': [ '2.0.27' ],
22 silly audit   nypm: [ '0.6.2' ],
22 silly audit   'object-assign': [ '4.1.1' ],
22 silly audit   'object-inspect': [ '1.13.4' ],
22 silly audit   'object-keys': [ '1.1.1' ],
22 silly audit   'object.assign': [ '4.1.7' ],
22 silly audit   'object.entries': [ '1.1.9' ],
22 silly audit   'object.fromentries': [ '2.0.8' ],
22 silly audit   'object.groupby': [ '1.0.3' ],
22 silly audit   'object.values': [ '1.2.1' ],
22 silly audit   ohash: [ '2.0.11' ],
22 silly audit   'on-exit-leak-free': [ '2.1.2' ],
22 silly audit   'on-finished': [ '2.4.1' ],
22 silly audit   once: [ '1.4.0' ],
22 silly audit   optionator: [ '0.9.4' ],
22 silly audit   'own-keys': [ '1.0.1' ],
22 silly audit   'p-limit': [ '3.1.0' ],
22 silly audit   'p-locate': [ '5.0.0' ],
22 silly audit   'parent-module': [ '1.0.1' ],
22 silly audit   parseurl: [ '1.3.3' ],
22 silly audit   passport: [ '0.7.0' ],
22 silly audit   'passport-jwt': [ '4.0.1' ],
22 silly audit   'passport-strategy': [ '1.0.0' ],
22 silly audit   'path-exists': [ '4.0.0' ],
22 silly audit   'path-key': [ '3.1.1' ],
22 silly audit   'path-parse': [ '1.0.7' ],
22 silly audit   'path-to-regexp': [ '8.3.0' ],
22 silly audit   pathe: [ '2.0.3' ],
22 silly audit   pause: [ '0.0.1' ],
22 silly audit   'perfect-debounce': [ '1.0.0' ],
22 silly audit   picocolors: [ '1.1.1' ],
22 silly audit   picomatch: [ '2.3.1', '4.0.3' ],
22 silly audit   pino: [ '9.14.0' ],
22 silly audit   'pino-abstract-transport': [ '2.0.0' ],
22 silly audit   'pino-std-serializers': [ '7.0.0' ],
22 silly audit   'pkg-types': [ '2.3.0' ],
22 silly audit   'possible-typed-array-names': [ '1.1.0' ],
22 silly audit   postcss: [ '8.4.31' ],
22 silly audit   'prelude-ls': [ '1.2.1' ],
22 silly audit   prettier: [ '3.6.2' ],
22 silly audit   prisma: [ '6.19.0' ],
22 silly audit   'process-warning': [ '5.0.0' ],
22 silly audit   'prop-types': [ '15.8.1' ],
22 silly audit   'proxy-addr': [ '2.0.7' ],
22 silly audit   punycode: [ '2.3.1' ],
22 silly audit   'pure-rand': [ '6.1.0' ],
22 silly audit   qs: [ '6.14.0' ],
22 silly audit   'queue-microtask': [ '1.2.3' ],
22 silly audit   'quick-format-unescaped': [ '4.0.4' ],
22 silly audit   'range-parser': [ '1.2.1' ],
22 silly audit   'raw-body': [ '3.0.1' ],
22 silly audit   rc9: [ '2.1.2' ],
22 silly audit   react: [ '19.2.0' ],
22 silly audit   'react-dom': [ '19.2.0' ],
22 silly audit   'react-is': [ '16.13.1' ],
22 silly audit   'readable-stream': [ '3.6.2' ],
22 silly audit   readdirp: [ '4.1.2' ],
22 silly audit   'real-require': [ '0.2.0' ],
22 silly audit   'redis-errors': [ '1.2.0' ],
22 silly audit   'redis-parser': [ '3.0.0' ],
22 silly audit   'reflect-metadata': [ '0.2.2' ],
22 silly audit   'reflect.getprototypeof': [ '1.0.10' ],
22 silly audit   'regexp.prototype.flags': [ '1.5.4' ],
22 silly audit   'resolve-from': [ '4.0.0' ],
22 silly audit   'resolve-pkg-maps': [ '1.0.0' ],
22 silly audit   reusify: [ '1.1.0' ],
22 silly audit   router: [ '2.2.0' ],
22 silly audit   'run-parallel': [ '1.2.0' ],
22 silly audit   rxjs: [ '7.8.2' ],
22 silly audit   'safe-array-concat': [ '1.1.3' ],
22 silly audit   'safe-buffer': [ '5.2.1' ],
22 silly audit   'safe-push-apply': [ '1.0.0' ],
22 silly audit   'safe-regex-test': [ '1.1.0' ],
22 silly audit   'safe-stable-stringify': [ '2.5.0' ],
22 silly audit   'safer-buffer': [ '2.1.2' ],
22 silly audit   scheduler: [ '0.27.0' ],
22 silly audit   send: [ '1.2.0' ],
22 silly audit   'serve-static': [ '2.2.0' ],
22 silly audit   'set-function-length': [ '1.2.2' ],
22 silly audit   'set-function-name': [ '2.0.2' ],
22 silly audit   'set-proto': [ '1.0.0' ],
22 silly audit   setprototypeof: [ '1.2.0' ],
22 silly audit   sharp: [ '0.34.5' ],
22 silly audit   'shebang-command': [ '2.0.0' ],
22 silly audit   'shebang-regex': [ '3.0.0' ],
22 silly audit   'side-channel': [ '1.1.0' ],
22 silly audit   'side-channel-list': [ '1.0.0' ],
22 silly audit   'side-channel-map': [ '1.0.1' ],
22 silly audit   'side-channel-weakmap': [ '1.0.2' ],
22 silly audit   'sonic-boom': [ '4.2.0' ],
22 silly audit   'source-map-js': [ '1.2.1' ],
22 silly audit   split2: [ '4.2.0' ],
22 silly audit   'stable-hash': [ '0.0.5' ],
22 silly audit   'standard-as-callback': [ '2.1.0' ],
22 silly audit   'stop-iteration-iterator': [ '1.1.0' ],
22 silly audit   streamsearch: [ '1.1.0' ],
22 silly audit   string_decoder: [ '1.3.0' ],
22 silly audit   'string.prototype.includes': [ '2.0.1' ],
22 silly audit   'string.prototype.matchall': [ '4.0.12' ],
22 silly audit   'string.prototype.repeat': [ '1.0.0' ],
22 silly audit   'string.prototype.trim': [ '1.2.10' ],
22 silly audit   'string.prototype.trimend': [ '1.0.9' ],
22 silly audit   'string.prototype.trimstart': [ '1.0.8' ],
22 silly audit   'strip-bom': [ '3.0.0' ],
22 silly audit   'strip-json-comments': [ '3.1.1' ],
22 silly audit   stripe: [ '19.3.1' ],
22 silly audit   strtok3: [ '10.3.4' ],
22 silly audit   'styled-jsx': [ '5.1.6' ],
22 silly audit   'supports-color': [ '7.2.0' ],
22 silly audit   'supports-preserve-symlinks-flag': [ '1.0.0' ],
22 silly audit   'thread-stream': [ '3.1.0' ],
22 silly audit   tinyexec: [ '1.0.2' ],
22 silly audit   tinyglobby: [ '0.2.15' ],
22 silly audit   fdir: [ '6.5.0' ],
22 silly audit   'to-regex-range': [ '5.0.1' ],
22 silly audit   toidentifier: [ '1.0.1' ],
22 silly audit   'token-types': [ '6.1.1' ],
22 silly audit   'ts-api-utils': [ '2.1.0' ],
22 silly audit   'ts-node': [ '10.9.2' ],
22 silly audit   tslib: [ '2.8.1' ],
22 silly audit   'type-check': [ '0.4.0' ],
22 silly audit   'typed-array-buffer': [ '1.0.3' ],
22 silly audit   'typed-array-byte-length': [ '1.0.3' ],
22 silly audit   'typed-array-byte-offset': [ '1.0.4' ],
22 silly audit   'typed-array-length': [ '1.0.7' ],
22 silly audit   typedarray: [ '0.0.6' ],
22 silly audit   typescript: [ '5.9.3' ],
22 silly audit   'typescript-eslint': [ '8.46.4' ],
22 silly audit   uid: [ '2.0.2' ],
22 silly audit   'uint8array-extras': [ '1.5.0' ],
22 silly audit   'unbox-primitive': [ '1.1.0' ],
22 silly audit   'undici-types': [ '7.16.0' ],
22 silly audit   unpipe: [ '1.0.0' ],
22 silly audit   'unrs-resolver': [ '1.11.1' ],
22 silly audit   'update-browserslist-db': [ '1.1.4' ],
22 silly audit   'uri-js': [ '4.4.1' ],
22 silly audit   'util-deprecate': [ '1.0.2' ],
22 silly audit   'utils-merge': [ '1.0.1' ],
22 silly audit   uuid: [ '11.1.0' ],
22 silly audit   'v8-compile-cache-lib': [ '3.0.1' ],
22 silly audit   validator: [ '13.15.23' ],
22 silly audit   vary: [ '1.1.2' ],
22 silly audit   which: [ '2.0.2' ],
22 silly audit   'which-boxed-primitive': [ '1.1.1' ],
22 silly audit   'which-builtin-type': [ '1.2.1' ],
22 silly audit   'which-collection': [ '1.0.2' ],
22 silly audit   'which-typed-array': [ '1.1.19' ],
22 silly audit   'word-wrap': [ '1.2.5' ],
22 silly audit   wrappy: [ '1.0.2' ],
22 silly audit   xtend: [ '4.0.2' ],
22 silly audit   yallist: [ '3.1.1' ],
22 silly audit   yn: [ '3.1.1' ],
22 silly audit   'yocto-queue': [ '0.1.0' ],
22 silly audit   zod: [ '4.1.12' ],
22 silly audit   'zod-validation-error': [ '4.0.2' ],
22 silly audit   '@seobooster/ai-types': [ '0.1.0' ],
22 silly audit   undici: [ '7.16.0' ]
22 silly audit }
23 http cache undici@https://registry.npmjs.org/undici/-/undici-7.16.0.tgz 0ms (cache hit)
24 silly tarball no local data for undici@https://registry.npmjs.org/undici/-/undici-7.16.0.tgz. Extracting by manifest.
25 http fetch GET 200 https://registry.npmjs.org/undici/-/undici-7.16.0.tgz 92ms (cache miss)
26 http fetch POST 200 https://registry.npmjs.org/-/npm/v1/security/advisories/bulk 237ms
27 silly audit report {}
28 silly ADD node_modules/undici
29 silly ADD node_modules/@seobooster/ai-types
30 verbose cwd /Users/kamilbaranek/dev/seobooster
31 verbose os Darwin 25.1.0
32 verbose node v24.7.0
33 verbose npm  v11.6.2
34 verbose exit 0
35 info ok
